Zolaterm session: 2025/12/17 21:43:39

Z>DATA.EXE          DATATEST.BIN      DATATEST.DAT      IRQ.EXE
KEYB.EXE          LCDRST.EXE        MATHTEST.EXE      SETDATE.EXE
SETTIME.EXE       SPI.EXE           SRAM.EXE          TEST.BIN
TS.EXE            ZBASIC.ROM        ZUMPUS.DAT        ZUMPUS.EXE
ZUMPUS.ROM        zterm.log         
Z>PREND:0800  EXMEM:0
LOMEM:0800  PEXIT:00
SYSRG:00100101
STDIN:00000000

Zolatron 64
5.3.4
+ SPI interface
+ Extended memory
- No parallel I/F
Ready
Z>PREND:0800  EXMEM:0
LOMEM:0800  PEXIT:00
SYSRG:00100101
STDIN:00000000
Z>PREND:0800  EXMEM:0
LOMEM:0800  PEXIT:00
SYSRG:00100101
STDIN:00000000
Z>PREND:0800  EXMEM:0
LOMEM:0800  PEXIT:00
SYSRG:00100101
STDIN:00000000
Z>DATA.EXE          DATATEST.BIN      DATATEST.DAT      IRQ.EXE
KEYB.EXE          LCDRST.EXE        MATHTEST.EXE      SETDATE.EXE
SETTIME.EXE       SPI.EXE           SRAM.EXE          TEST.BIN
TS.EXE            ZBASIC.ROM        ZUMPUS.DAT        ZUMPUS.EXE
ZUMPUS.ROM        zterm.log         
Z>Searching ... Loading ... 

Zolatron 64
5.3.4
+ SPI interface
+ Extended memory
- No parallel I/F
Ready
Z>
Branched on minus
----------
Testing: uint8_mult
First number : $0A

Zolatron 64
5.3.4
+ SPI interface
+ Extended memory
- No parallel I/F
Ready
